#
# There is insufficient memory for the Java Runtime Environment to continue.
# Native memory allocation (mmap) failed to map 65536 bytes. Error detail: Failed to commit metaspace.
# Possible reasons:
#   The system is out of physical RAM or swap space
#   This process is running with CompressedOops enabled, and the Java Heap may be blocking the growth of the native heap
# Possible solutions:
#   Reduce memory load on the system
#   Increase physical memory or swap space
#   Check if swap backing store is full
#   Decrease Java heap size (-Xmx/-Xms)
#   Decrease number of Java threads
#   Decrease Java thread stack sizes (-Xss)
#   Set larger code cache with -XX:ReservedCodeCacheSize=
#   JVM is running with Unscaled Compressed Oops mode in which the Java heap is
#     placed in the first 4GB address space. The Java Heap base address is the
#     maximum limit for the native heap growth. Please use -XX:HeapBaseMinAddress
#     to set the Java Heap base and to place the Java Heap above 4GB virtual address.
# This output file may be truncated or incomplete.
#
#  Out of Memory Error (virtualSpaceNode.cpp:113), pid=5388, tid=24360
#
# JRE version: OpenJDK Runtime Environment JBR-25.0.2+1-329.117-jcef (25.0.2+1) (build 25.0.2+1-b329.117)
# Java VM: OpenJDK 64-Bit Server VM JBR-25.0.2+1-329.117-jcef (25.0.2+1-b329.117, mixed mode, tiered, compressed oops, compressed class ptrs, g1 gc, windows-amd64)
# No core dump will be written. Minidumps are not enabled by default on client versions of Windows
#

---------------  S U M M A R Y ------------

Command Line: git4idea.http.GitAskPassApp Username for 'https://github.com': 

Host: Intel(R) Core(TM) i5-1035G1 CPU @ 1.00GHz, 8 cores, 7G,  Windows 11 , 64 bit Build 26100 (10.0.26100.8521)
Time: Sat Jul  4 16:32:07 2026 Central Daylight Time elapsed time: 0.478452 seconds (0d 0h 0m 0s)

---------------  T H R E A D  ---------------

Current thread (0x000001825001b920):  JavaThread "C1 CompilerThread0" daemon [_thread_in_vm, id=24360, stack(0x0000004f2de00000,0x0000004f2df00000) (1024K)]


Current CompileTask:
C1:479  169       3       java.lang.StringLatin1::toLowerCase (155 bytes)

Stack: [0x0000004f2de00000,0x0000004f2df00000]
Native frames: (J=compiled Java code, j=interpreted, Vv=VM code, C=native code)
V  [jvm.dll+0x7c0cc9]  (no source info available)
V  [jvm.dll+0x78a49d]  (no source info available)
V  [jvm.dll+0xa0e693]  (no source info available)
V  [jvm.dll+0xa10e8c]  (no source info available)
V  [jvm.dll+0xa11583]  (no source info available)
V  [jvm.dll+0x307b46]  (no source info available)
V  [jvm.dll+0xa0a7cf]  (no source info available)
V  [jvm.dll+0x7550a4]  (no source info available)
V  [jvm.dll+0x75510a]  (no source info available)
V  [jvm.dll+0x757a06]  (no source info available)
V  [jvm.dll+0x757787]  (no source info available)
V  [jvm.dll+0x2a40c2]  (no source info available)
V  [jvm.dll+0x755ace]  (no source info available)
V  [jvm.dll+0x7698ca]  (no source info available)
V  [jvm.dll+0x762399]  (no source info available)
V  [jvm.dll+0x26facd]  (no source info available)
V  [jvm.dll+0x26fcb5]  (no source info available)
V  [jvm.dll+0x1d9da0]  (no source info available)
V  [jvm.dll+0x1d9c03]  (no source info available)
V  [jvm.dll+0x1d145b]  (no source info available)
V  [jvm.dll+0x1d39f0]  (no source info available)
V  [jvm.dll+0x1d1c70]  (no source info available)
V  [jvm.dll+0x1cb501]  (no source info available)
V  [jvm.dll+0x1db843]  (no source info available)
V  [jvm.dll+0x1c69a1]  (no source info available)
V  [jvm.dll+0x1c6db3]  (no source info available)
V  [jvm.dll+0x1c712e]  (no source info available)
V  [jvm.dll+0x1c667c]  (no source info available)
V  [jvm.dll+0x1c849d]  (no source info available)
V  [jvm.dll+0x2d8c64]  (no source info available)
V  [jvm.dll+0x2d6e8b]  (no source info available)
V  [jvm.dll+0x49dbc5]  (no source info available)
V  [jvm.dll+0x9ae57d]  (no source info available)
V  [jvm.dll+0x7bf1e5]  (no source info available)
C  [ucrtbase.dll+0x2cd30]  (no source info available)
C  [KERNEL32.DLL+0x2e957]  (no source info available)
C  [ntdll.dll+0x87c1c]  (no source info available)

Lock stack of current Java thread (top to bottom):


---------------  P R O C E S S  ---------------

Threads class SMR info:
_java_thread_list=0x000001825017dc60, length=11, elements={
0x0000018230f13e80, 0x000001824b8a5880, 0x00000182500104a0, 0x0000018250011300,
0x00000182500205a0, 0x0000018250014690, 0x0000018250015250, 0x0000018250019e20,
0x000001825001ad10, 0x000001825001b920, 0x00000182501993a0
}

Java Threads: ( => current thread )
  0x0000018230f13e80 JavaThread "main"                              [_thread_in_vm, id=12460, stack(0x0000004f2ce00000,0x0000004f2cf00000) (1024K)]
  0x000001824b8a5880 JavaThread "Common-Cleaner"             daemon [_thread_blocked, id=7132, stack(0x0000004f2d600000,0x0000004f2d700000) (1024K)]
  0x00000182500104a0 JavaThread "Reference Handler"          daemon [_thread_blocked, id=25316, stack(0x0000004f2d700000,0x0000004f2d800000) (1024K)]
  0x0000018250011300 JavaThread "Finalizer"                  daemon [_thread_blocked, id=3020, stack(0x0000004f2d800000,0x0000004f2d900000) (1024K)]
  0x00000182500205a0 JavaThread "Signal Dispatcher"          daemon [_thread_blocked, id=25804, stack(0x0000004f2d900000,0x0000004f2da00000) (1024K)]
  0x0000018250014690 JavaThread "Attach Listener"            daemon [_thread_blocked, id=21400, stack(0x0000004f2da00000,0x0000004f2db00000) (1024K)]
  0x0000018250015250 JavaThread "Service Thread"             daemon [_thread_blocked, id=19648, stack(0x0000004f2db00000,0x0000004f2dc00000) (1024K)]
  0x0000018250019e20 JavaThread "Monitor Deflation Thread"   daemon [_thread_blocked, id=16104, stack(0x0000004f2dc00000,0x0000004f2dd00000) (1024K)]
  0x000001825001ad10 JavaThread "C2 CompilerThread0"         daemon [_thread_blocked, id=2960, stack(0x0000004f2dd00000,0x0000004f2de00000) (1024K)]
=>0x000001825001b920 JavaThread "C1 CompilerThread0"         daemon [_thread_in_vm, id=24360, stack(0x0000004f2de00000,0x0000004f2df00000) (1024K)]
  0x00000182501993a0 JavaThread "Notification Thread"        daemon [_thread_blocked, id=17948, stack(0x0000004f2df00000,0x0000004f2e000000) (1024K)]
Total: 11

Other Threads:
  0x000001824b8678a0 VMThread "VM Thread"                           [id=2692, stack(0x0000004f2d500000,0x0000004f2d600000) (1024K)]
  0x000001824b8437e0 WatcherThread "VM Periodic Task Thread"        [id=24412, stack(0x0000004f2d400000,0x0000004f2d500000) (1024K)]
  0x0000018233325960 WorkerThread "GC Thread#0"                     [id=18220, stack(0x0000004f2cf00000,0x0000004f2d000000) (1024K)]
  0x000001823335cab0 ConcurrentGCThread "G1 Main Marker"            [id=22388, stack(0x0000004f2d000000,0x0000004f2d100000) (1024K)]
  0x000001823335e460 WorkerThread "G1 Conc#0"                       [id=23940, stack(0x0000004f2d100000,0x0000004f2d200000) (1024K)]
  0x000001824b717030 ConcurrentGCThread "G1 Refine#0"               [id=6816, stack(0x0000004f2d200000,0x0000004f2d300000) (1024K)]
  0x000001824b7178f0 ConcurrentGCThread "G1 Service"                [id=22684, stack(0x0000004f2d300000,0x0000004f2d400000) (1024K)]
Total: 7

Threads with active compile tasks:
C1 CompilerThread0  600  169       3       java.lang.StringLatin1::toLowerCase (155 bytes)
Total: 1

VM state: not at safepoint (normal execution)

VM Mutex/Monitor currently owned by a thread:  ([mutex/lock_event])
[0x00007ffbbe4ff810] Metaspace_lock - owner thread: 0x000001825001b920

Heap address: 0x0000000084c00000, size: 1972 MB, Compressed Oops mode: 32-bit

CDS archive(s) not mapped
Compressed class space mapped at: 0x0000000010000000-0x0000000050000000, reserved size: 1073741824
UseCompressedClassPointers 1, UseCompactObjectHeaders 0
Narrow klass pointer bits 32, Max shift 3
Narrow klass base: 0x0000000000000000, Narrow klass shift: 0
Encoding Range: [0x0000000000000000 - 0x0000000100000000), (4294967296 bytes)
Klass Range:    [0x0000000010000000 - 0x0000000050000000), (1073741824 bytes)
Klass ID Range:  [268435456 - 1342177273) (1073741817)
No protection zone.

GC Precious Log:
 CardTable entry size: 512
 Card Set container configuration: InlinePtr #cards 5 size 8 Array Of Cards #cards 10 size 36 Howl #buckets 4 coarsen threshold 1843 Howl Bitmap #cards 512 size 80 coarsen threshold 460 Card regions per heap region 1 cards per card region 2048
 CPUs: 8 total, 8 available
 Memory: 7880M
 Large Page Support: Disabled
 NUMA Support: Disabled
 Compressed Oops: Enabled (32-bit)
 Heap Region Size: 1M
 Heap Min Capacity: 8M
 Heap Initial Capacity: 124M
 Heap Max Capacity: 1972M
 Pre-touch: Disabled
 Parallel Workers: 8
 Concurrent Workers: 2
 Concurrent Refinement Workers: 8
 Periodic GC: Disabled

Heap:
 garbage-first heap   total reserved 2019328K, committed 126976K, used 2048K [0x0000000084c00000, 0x0000000100000000)
  region size 1024K, 3 young (3072K), 0 survivors (0K)

Heap Regions: E=young(eden), S=young(survivor), O=old, HS=humongous(starts), HC=humongous(continues), CS=collection set, F=free, TAMS=top-at-mark-start, PB=parsable bottom
|   0|0x0000000084c00000, 0x0000000084c00000, 0x0000000084d00000|  0%| F|  |TAMS 0x0000000084c00000| PB 0x0000000084c00000| Untracked |  0
|   1|0x0000000084d00000, 0x0000000084d00000, 0x0000000084e00000|  0%| F|  |TAMS 0x0000000084d00000| PB 0x0000000084d00000| Untracked |  0
|   2|0x0000000084e00000, 0x0000000084e00000, 0x0000000084f00000|  0%| F|  |TAMS 0x0000000084e00000| PB 0x0000000084e00000| Untracked |  0
|   3|0x0000000084f00000, 0x0000000084f00000, 0x0000000085000000|  0%| F|  |TAMS 0x0000000084f00000| PB 0x0000000084f00000| Untracked |  0
|   4|0x0000000085000000, 0x0000000085000000, 0x0000000085100000|  0%| F|  |TAMS 0x0000000085000000| PB 0x0000000085000000| Untracked |  0
|   5|0x0000000085100000, 0x0000000085100000, 0x0000000085200000|  0%| F|  |TAMS 0x0000000085100000| PB 0x0000000085100000| Untracked |  0
|   6|0x0000000085200000, 0x0000000085200000, 0x0000000085300000|  0%| F|  |TAMS 0x0000000085200000| PB 0x0000000085200000| Untracked |  0
|   7|0x0000000085300000, 0x0000000085300000, 0x0000000085400000|  0%| F|  |TAMS 0x0000000085300000| PB 0x0000000085300000| Untracked |  0
|   8|0x0000000085400000, 0x0000000085400000, 0x0000000085500000|  0%| F|  |TAMS 0x0000000085400000| PB 0x0000000085400000| Untracked |  0
|   9|0x0000000085500000, 0x0000000085500000, 0x0000000085600000|  0%| F|  |TAMS 0x0000000085500000| PB 0x0000000085500000| Untracked |  0
|  10|0x0000000085600000, 0x0000000085600000, 0x0000000085700000|  0%| F|  |TAMS 0x0000000085600000| PB 0x0000000085600000| Untracked |  0
|  11|0x0000000085700000, 0x0000000085700000, 0x0000000085800000|  0%| F|  |TAMS 0x0000000085700000| PB 0x0000000085700000| Untracked |  0
|  12|0x0000000085800000, 0x0000000085800000, 0x0000000085900000|  0%| F|  |TAMS 0x0000000085800000| PB 0x0000000085800000| Untracked |  0
|  13|0x0000000085900000, 0x0000000085900000, 0x0000000085a00000|  0%| F|  |TAMS 0x0000000085900000| PB 0x0000000085900000| Untracked |  0
|  14|0x0000000085a00000, 0x0000000085a00000, 0x0000000085b00000|  0%| F|  |TAMS 0x0000000085a00000| PB 0x0000000085a00000| Untracked |  0
|  15|0x0000000085b00000, 0x0000000085b00000, 0x0000000085c00000|  0%| F|  |TAMS 0x0000000085b00000| PB 0x0000000085b00000| Untracked |  0
|  16|0x0000000085c00000, 0x0000000085c00000, 0x0000000085d00000|  0%| F|  |TAMS 0x0000000085c00000| PB 0x0000000085c00000| Untracked |  0
|  17|0x0000000085d00000, 0x0000000085d00000, 0x0000000085e00000|  0%| F|  |TAMS 0x0000000085d00000| PB 0x0000000085d00000| Untracked |  0
|  18|0x0000000085e00000, 0x0000000085e00000, 0x0000000085f00000|  0%| F|  |TAMS 0x0000000085e00000| PB 0x0000000085e00000| Untracked |  0
|  19|0x0000000085f00000, 0x0000000085f00000, 0x0000000086000000|  0%| F|  |TAMS 0x0000000085f00000| PB 0x0000000085f00000| Untracked |  0
|  20|0x0000000086000000, 0x0000000086000000, 0x0000000086100000|  0%| F|  |TAMS 0x0000000086000000| PB 0x0000000086000000| Untracked |  0
|  21|0x0000000086100000, 0x0000000086100000, 0x0000000086200000|  0%| F|  |TAMS 0x0000000086100000| PB 0x0000000086100000| Untracked |  0
|  22|0x0000000086200000, 0x0000000086200000, 0x0000000086300000|  0%| F|  |TAMS 0x0000000086200000| PB 0x0000000086200000| Untracked |  0
|  23|0x0000000086300000, 0x0000000086300000, 0x0000000086400000|  0%| F|  |TAMS 0x0000000086300000| PB 0x0000000086300000| Untracked |  0
|  24|0x0000000086400000, 0x0000000086400000, 0x0000000086500000|  0%| F|  |TAMS 0x0000000086400000| PB 0x0000000086400000| Untracked |  0
|  25|0x0000000086500000, 0x0000000086500000, 0x0000000086600000|  0%| F|  |TAMS 0x0000000086500000| PB 0x0000000086500000| Untracked |  0
|  26|0x0000000086600000, 0x0000000086600000, 0x0000000086700000|  0%| F|  |TAMS 0x0000000086600000| PB 0x0000000086600000| Untracked |  0
|  27|0x0000000086700000, 0x0000000086700000, 0x0000000086800000|  0%| F|  |TAMS 0x0000000086700000| PB 0x0000000086700000| Untracked |  0
|  28|0x0000000086800000, 0x0000000086800000, 0x0000000086900000|  0%| F|  |TAMS 0x0000000086800000| PB 0x0000000086800000| Untracked |  0
|  29|0x0000000086900000, 0x0000000086900000, 0x0000000086a00000|  0%| F|  |TAMS 0x0000000086900000| PB 0x0000000086900000| Untracked |  0
|  30|0x0000000086a00000, 0x0000000086a00000, 0x0000000086b00000|  0%| F|  |TAMS 0x0000000086a00000| PB 0x0000000086a00000| Untracked |  0
|  31|0x0000000086b00000, 0x0000000086b00000, 0x0000000086c00000|  0%| F|  |TAMS 0x0000000086b00000| PB 0x0000000086b00000| Untracked |  0
|  32|0x0000000086c00000, 0x0000000086c00000, 0x0000000086d00000|  0%| F|  |TAMS 0x0000000086c00000| PB 0x0000000086c00000| Untracked |  0
|  33|0x0000000086d00000, 0x0000000086d00000, 0x0000000086e00000|  0%| F|  |TAMS 0x0000000086d00000| PB 0x0000000086d00000| Untracked |  0
|  34|0x0000000086e00000, 0x0000000086e00000, 0x0000000086f00000|  0%| F|  |TAMS 0x0000000086e00000| PB 0x0000000086e00000| Untracked |  0
|  35|0x0000000086f00000, 0x0000000086f00000, 0x0000000087000000|  0%| F|  |TAMS 0x0000000086f00000| PB 0x0000000086f00000| Untracked |  0
|  36|0x0000000087000000, 0x0000000087000000, 0x0000000087100000|  0%| F|  |TAMS 0x0000000087000000| PB 0x0000000087000000| Untracked |  0
|  37|0x0000000087100000, 0x0000000087100000, 0x0000000087200000|  0%| F|  |TAMS 0x0000000087100000| PB 0x0000000087100000| Untracked |  0
|  38|0x0000000087200000, 0x0000000087200000, 0x0000000087300000|  0%| F|  |TAMS 0x0000000087200000| PB 0x0000000087200000| Untracked |  0
|  39|0x0000000087300000, 0x0000000087300000, 0x0000000087400000|  0%| F|  |TAMS 0x0000000087300000| PB 0x0000000087300000| Untracked |  0
|  40|0x0000000087400000, 0x0000000087400000, 0x0000000087500000|  0%| F|  |TAMS 0x0000000087400000| PB 0x0000000087400000| Untracked |  0
|  41|0x0000000087500000, 0x0000000087500000, 0x0000000087600000|  0%| F|  |TAMS 0x0000000087500000| PB 0x0000000087500000| Untracked |  0
|  42|0x0000000087600000, 0x0000000087600000, 0x0000000087700000|  0%| F|  |TAMS 0x0000000087600000| PB 0x0000000087600000| Untracked |  0
|  43|0x0000000087700000, 0x0000000087700000, 0x0000000087800000|  0%| F|  |TAMS 0x0000000087700000| PB 0x0000000087700000| Untracked |  0
|  44|0x0000000087800000, 0x0000000087800000, 0x0000000087900000|  0%| F|  |TAMS 0x0000000087800000| PB 0x0000000087800000| Untracked |  0
|  45|0x0000000087900000, 0x0000000087900000, 0x0000000087a00000|  0%| F|  |TAMS 0x0000000087900000| PB 0x0000000087900000| Untracked |  0
|  46|0x0000000087a00000, 0x0000000087a00000, 0x0000000087b00000|  0%| F|  |TAMS 0x0000000087a00000| PB 0x0000000087a00000| Untracked |  0
|  47|0x0000000087b00000, 0x0000000087b00000, 0x0000000087c00000|  0%| F|  |TAMS 0x0000000087b00000| PB 0x0000000087b00000| Untracked |  0
|  48|0x0000000087c00000, 0x0000000087c00000, 0x0000000087d00000|  0%| F|  |TAMS 0x0000000087c00000| PB 0x0000000087c00000| Untracked |  0
|  49|0x0000000087d00000, 0x0000000087d00000, 0x0000000087e00000|  0%| F|  |TAMS 0x0000000087d00000| PB 0x0000000087d00000| Untracked |  0
|  50|0x0000000087e00000, 0x0000000087e00000, 0x0000000087f00000|  0%| F|  |TAMS 0x0000000087e00000| PB 0x0000000087e00000| Untracked |  0
|  51|0x0000000087f00000, 0x0000000087f00000, 0x0000000088000000|  0%| F|  |TAMS 0x0000000087f00000| PB 0x0000000087f00000| Untracked |  0
|  52|0x0000000088000000, 0x0000000088000000, 0x0000000088100000|  0%| F|  |TAMS 0x0000000088000000| PB 0x0000000088000000| Untracked |  0
|  53|0x0000000088100000, 0x0000000088100000, 0x0000000088200000|  0%| F|  |TAMS 0x0000000088100000| PB 0x0000000088100000| Untracked |  0
|  54|0x0000000088200000, 0x0000000088200000, 0x0000000088300000|  0%| F|  |TAMS 0x0000000088200000| PB 0x0000000088200000| Untracked |  0
|  55|0x0000000088300000, 0x0000000088300000, 0x0000000088400000|  0%| F|  |TAMS 0x0000000088300000| PB 0x0000000088300000| Untracked |  0
|  56|0x0000000088400000, 0x0000000088400000, 0x0000000088500000|  0%| F|  |TAMS 0x0000000088400000| PB 0x0000000088400000| Untracked |  0
|  57|0x0000000088500000, 0x0000000088500000, 0x0000000088600000|  0%| F|  |TAMS 0x0000000088500000| PB 0x0000000088500000| Untracked |  0
|  58|0x0000000088600000, 0x0000000088600000, 0x0000000088700000|  0%| F|  |TAMS 0x0000000088600000| PB 0x0000000088600000| Untracked |  0
|  59|0x0000000088700000, 0x0000000088700000, 0x0000000088800000|  0%| F|  |TAMS 0x0000000088700000| PB 0x0000000088700000| Untracked |  0
|  60|0x0000000088800000, 0x0000000088800000, 0x0000000088900000|  0%| F|  |TAMS 0x0000000088800000| PB 0x0000000088800000| Untracked |  0
|  61|0x0000000088900000, 0x0000000088900000, 0x0000000088a00000|  0%| F|  |TAMS 0x0000000088900000| PB 0x0000000088900000| Untracked |  0
|  62|0x0000000088a00000, 0x0000000088a00000, 0x0000000088b00000|  0%| F|  |TAMS 0x0000000088a00000| PB 0x0000000088a00000| Untracked |  0
|  63|0x0000000088b00000, 0x0000000088b00000, 0x0000000088c00000|  0%| F|  |TAMS 0x0000000088b00000| PB 0x0000000088b00000| Untracked |  0
|  64|0x0000000088c00000, 0x0000000088c00000, 0x0000000088d00000|  0%| F|  |TAMS 0x0000000088c00000| PB 0x0000000088c00000| Untracked |  0
|  65|0x0000000088d00000, 0x0000000088d00000, 0x0000000088e00000|  0%| F|  |TAMS 0x0000000088d00000| PB 0x0000000088d00000| Untracked |  0
|  66|0x0000000088e00000, 0x0000000088e00000, 0x0000000088f00000|  0%| F|  |TAMS 0x0000000088e00000| PB 0x0000000088e00000| Untracked |  0
|  67|0x0000000088f00000, 0x0000000088f00000, 0x0000000089000000|  0%| F|  |TAMS 0x0000000088f00000| PB 0x0000000088f00000| Untracked |  0
|  68|0x0000000089000000, 0x0000000089000000, 0x0000000089100000|  0%| F|  |TAMS 0x0000000089000000| PB 0x0000000089000000| Untracked |  0
|  69|0x0000000089100000, 0x0000000089100000, 0x0000000089200000|  0%| F|  |TAMS 0x0000000089100000| PB 0x0000000089100000| Untracked |  0
|  70|0x0000000089200000, 0x0000000089200000, 0x0000000089300000|  0%| F|  |TAMS 0x0000000089200000| PB 0x0000000089200000| Untracked |  0
|  71|0x0000000089300000, 0x0000000089300000, 0x0000000089400000|  0%| F|  |TAMS 0x0000000089300000| PB 0x0000000089300000| Untracked |  0
|  72|0x0000000089400000, 0x0000000089400000, 0x0000000089500000|  0%| F|  |TAMS 0x0000000089400000| PB 0x0000000089400000| Untracked |  0
|  73|0x0000000089500000, 0x0000000089500000, 0x0000000089600000|  0%| F|  |TAMS 0x0000000089500000| PB 0x0000000089500000| Untracked |  0
|  74|0x0000000089600000, 0x0000000089600000, 0x0000000089700000|  0%| F|  |TAMS 0x0000000089600000| PB 0x0000000089600000| Untracked |  0
|  75|0x0000000089700000, 0x0000000089700000, 0x0000000089800000|  0%| F|  |TAMS 0x0000000089700000| PB 0x0000000089700000| Untracked |  0
|  76|0x0000000089800000, 0x0000000089800000, 0x0000000089900000|  0%| F|  |TAMS 0x0000000089800000| PB 0x0000000089800000| Untracked |  0
|  77|0x0000000089900000, 0x0000000089900000, 0x0000000089a00000|  0%| F|  |TAMS 0x0000000089900000| PB 0x0000000089900000| Untracked |  0
|  78|0x0000000089a00000, 0x0000000089a00000, 0x0000000089b00000|  0%| F|  |TAMS 0x0000000089a00000| PB 0x0000000089a00000| Untracked |  0
|  79|0x0000000089b00000, 0x0000000089b00000, 0x0000000089c00000|  0%| F|  |TAMS 0x0000000089b00000| PB 0x0000000089b00000| Untracked |  0
|  80|0x0000000089c00000, 0x0000000089c00000, 0x0000000089d00000|  0%| F|  |TAMS 0x0000000089c00000| PB 0x0000000089c00000| Untracked |  0
|  81|0x0000000089d00000, 0x0000000089d00000, 0x0000000089e00000|  0%| F|  |TAMS 0x0000000089d00000| PB 0x0000000089d00000| Untracked |  0
|  82|0x0000000089e00000, 0x0000000089e00000, 0x0000000089f00000|  0%| F|  |TAMS 0x0000000089e00000| PB 0x0000000089e00000| Untracked |  0
|  83|0x0000000089f00000, 0x0000000089f00000, 0x000000008a000000|  0%| F|  |TAMS 0x0000000089f00000| PB 0x0000000089f00000| Untracked |  0
|  84|0x000000008a000000, 0x000000008a000000, 0x000000008a100000|  0%| F|  |TAMS 0x000000008a000000| PB 0x000000008a000000| Untracked |  0
|  85|0x000000008a100000, 0x000000008a100000, 0x000000008a200000|  0%| F|  |TAMS 0x000000008a100000| PB 0x000000008a100000| Untracked |  0
|  86|0x000000008a200000, 0x000000008a200000, 0x000000008a300000|  0%| F|  |TAMS 0x000000008a200000| PB 0x000000008a200000| Untracked |  0
|  87|0x000000008a300000, 0x000000008a300000, 0x000000008a400000|  0%| F|  |TAMS 0x000000008a300000| PB 0x000000008a300000| Untracked |  0
|  88|0x000000008a400000, 0x000000008a400000, 0x000000008a500000|  0%| F|  |TAMS 0x000000008a400000| PB 0x000000008a400000| Untracked |  0
|  89|0x000000008a500000, 0x000000008a500000, 0x000000008a600000|  0%| F|  |TAMS 0x000000008a500000| PB 0x000000008a500000| Untracked |  0
|  90|0x000000008a600000, 0x000000008a600000, 0x000000008a700000|  0%| F|  |TAMS 0x000000008a600000| PB 0x000000008a600000| Untracked |  0
|  91|0x000000008a700000, 0x000000008a700000, 0x000000008a800000|  0%| F|  |TAMS 0x000000008a700000| PB 0x000000008a700000| Untracked |  0
|  92|0x000000008a800000, 0x000000008a800000, 0x000000008a900000|  0%| F|  |TAMS 0x000000008a800000| PB 0x000000008a800000| Untracked |  0
|  93|0x000000008a900000, 0x000000008a900000, 0x000000008aa00000|  0%| F|  |TAMS 0x000000008a900000| PB 0x000000008a900000| Untracked |  0
|  94|0x000000008aa00000, 0x000000008aa00000, 0x000000008ab00000|  0%| F|  |TAMS 0x000000008aa00000| PB 0x000000008aa00000| Untracked |  0
|  95|0x000000008ab00000, 0x000000008ab00000, 0x000000008ac00000|  0%| F|  |TAMS 0x000000008ab00000| PB 0x000000008ab00000| Untracked |  0
|  96|0x000000008ac00000, 0x000000008ac00000, 0x000000008ad00000|  0%| F|  |TAMS 0x000000008ac00000| PB 0x000000008ac00000| Untracked |  0
|  97|0x000000008ad00000, 0x000000008ad00000, 0x000000008ae00000|  0%| F|  |TAMS 0x000000008ad00000| PB 0x000000008ad00000| Untracked |  0
|  98|0x000000008ae00000, 0x000000008ae00000, 0x000000008af00000|  0%| F|  |TAMS 0x000000008ae00000| PB 0x000000008ae00000| Untracked |  0
|  99|0x000000008af00000, 0x000000008af00000, 0x000000008b000000|  0%| F|  |TAMS 0x000000008af00000| PB 0x000000008af00000| Untracked |  0
| 100|0x000000008b000000, 0x000000008b000000, 0x000000008b100000|  0%| F|  |TAMS 0x000000008b000000| PB 0x000000008b000000| Untracked |  0
| 101|0x000000008b100000, 0x000000008b100000, 0x000000008b200000|  0%| F|  |TAMS 0x000000008b100000| PB 0x000000008b100000| Untracked |  0
| 102|0x000000008b200000, 0x000000008b200000, 0x000000008b300000|  0%| F|  |TAMS 0x000000008b200000| PB 0x000000008b200000| Untracked |  0
| 103|0x000000008b300000, 0x000000008b300000, 0x000000008b400000|  0%| F|  |TAMS 0x000000008b300000| PB 0x000000008b300000| Untracked |  0
| 104|0x000000008b400000, 0x000000008b400000, 0x000000008b500000|  0%| F|  |TAMS 0x000000008b400000| PB 0x000000008b400000| Untracked |  0
| 105|0x000000008b500000, 0x000000008b500000, 0x000000008b600000|  0%| F|  |TAMS 0x000000008b500000| PB 0x000000008b500000| Untracked |  0
| 106|0x000000008b600000, 0x000000008b600000, 0x000000008b700000|  0%| F|  |TAMS 0x000000008b600000| PB 0x000000008b600000| Untracked |  0
| 107|0x000000008b700000, 0x000000008b700000, 0x000000008b800000|  0%| F|  |TAMS 0x000000008b700000| PB 0x000000008b700000| Untracked |  0
| 108|0x000000008b800000, 0x000000008b800000, 0x000000008b900000|  0%| F|  |TAMS 0x000000008b800000| PB 0x000000008b800000| Untracked |  0
| 109|0x000000008b900000, 0x000000008b900000, 0x000000008ba00000|  0%| F|  |TAMS 0x000000008b900000| PB 0x000000008b900000| Untracked |  0
| 110|0x000000008ba00000, 0x000000008ba00000, 0x000000008bb00000|  0%| F|  |TAMS 0x000000008ba00000| PB 0x000000008ba00000| Untracked |  0
| 111|0x000000008bb00000, 0x000000008bb00000, 0x000000008bc00000|  0%| F|  |TAMS 0x000000008bb00000| PB 0x000000008bb00000| Untracked |  0
| 112|0x000000008bc00000, 0x000000008bc00000, 0x000000008bd00000|  0%| F|  |TAMS 0x000000008bc00000| PB 0x000000008bc00000| Untracked |  0
| 113|0x000000008bd00000, 0x000000008bd00000, 0x000000008be00000|  0%| F|  |TAMS 0x000000008bd00000| PB 0x000000008bd00000| Untracked |  0
| 114|0x000000008be00000, 0x000000008be00000, 0x000000008bf00000|  0%| F|  |TAMS 0x000000008be00000| PB 0x000000008be00000| Untracked |  0
| 115|0x000000008bf00000, 0x000000008bf00000, 0x000000008c000000|  0%| F|  |TAMS 0x000000008bf00000| PB 0x000000008bf00000| Untracked |  0
| 116|0x000000008c000000, 0x000000008c000000, 0x000000008c100000|  0%| F|  |TAMS 0x000000008c000000| PB 0x000000008c000000| Untracked |  0
| 117|0x000000008c100000, 0x000000008c100000, 0x000000008c200000|  0%| F|  |TAMS 0x000000008c100000| PB 0x000000008c100000| Untracked |  0
| 118|0x000000008c200000, 0x000000008c200000, 0x000000008c300000|  0%| F|  |TAMS 0x000000008c200000| PB 0x000000008c200000| Untracked |  0
| 119|0x000000008c300000, 0x000000008c300000, 0x000000008c400000|  0%| F|  |TAMS 0x000000008c300000| PB 0x000000008c300000| Untracked |  0
| 120|0x000000008c400000, 0x000000008c400000, 0x000000008c500000|  0%| F|  |TAMS 0x000000008c400000| PB 0x000000008c400000| Untracked |  0
| 121|0x000000008c500000, 0x000000008c600000, 0x000000008c600000|100%| E|  |TAMS 0x000000008c500000| PB 0x000000008c500000| Complete |  0
| 122|0x000000008c600000, 0x000000008c700000, 0x000000008c700000|100%| E|CS|TAMS 0x000000008c600000| PB 0x000000008c600000| Complete |  0
| 123|0x000000008c700000, 0x000000008c800000, 0x000000008c800000|100%| E|CS|TAMS 0x000000008c700000| PB 0x000000008c700000| Complete |  0

Card table byte_map: [0x0000018246de0000,0x00000182471c0000] _byte_map_base: 0x00000182469ba000

Marking Bits: (CMBitMap*) 0x0000018233327f00
 Bits: [0x00000182471c0000, 0x0000018249090000)

Polling page: 0x00000182315f0000

Metaspace:
Metaspace        used 7975K, committed 8064K, reserved 1114112K
 class space     used 690K, committed 768K, reserved 1048576K

Usage:
  Non-class:      7.11 MB used.
      Class:    690.41 KB used.
       Both:      7.79 MB used.

Virtual space:
  Non-class space:       64.00 MB reserved,       7.12 MB ( 11%) committed,  1 nodes.
      Class space:        1.00 GB reserved,     768.00 KB ( <1%) committed,  1 nodes.
             Both:        1.06 GB reserved,       7.88 MB ( <1%) committed. 

Chunk freelists:
   Non-Class:  8.01 MB
       Class:  15.24 MB
        Both:  23.25 MB

MaxMetaspaceSize: unlimited
CompressedClassSpaceSize: 1.00 GB
Initial GC threshold: 21.00 MB
Current GC threshold: 21.00 MB
CDS: off
 - commit_granule_bytes: 65536.
 - commit_granule_words: 8192.
 - virtual_space_node_default_size: 8388608.
 - enlarge_chunks_in_place: 1.
UseCompressedClassPointers 1, UseCompactObjectHeaders 0
Narrow klass pointer bits 32, Max shift 3
Narrow klass base: 0x0000000000000000, Narrow klass shift: 0
Encoding Range: [0x0000000000000000 - 0x0000000100000000), (4294967296 bytes)
Klass Range:    [0x0000000010000000 - 0x0000000050000000), (1073741824 bytes)
Klass ID Range:  [268435456 - 1342177273) (1073741817)
No protection zone.


Internal statistics:

num_allocs_failed_limit: 0.
num_arena_births: 4.
num_arena_deaths: 0.
num_vsnodes_births: 2.
num_vsnodes_deaths: 0.
num_space_committed: 126.
num_space_uncommitted: 0.
num_chunks_returned_to_freelist: 0.
num_chunks_taken_from_freelist: 15.
num_chunk_merges: 0.
num_chunk_splits: 9.
num_chunks_enlarged: 6.
num_inconsistent_stats: 0.

CodeHeap 'non-profiled nmethods': size=120064Kb used=44Kb max_used=44Kb free=120019Kb
 bounds [0x000001823f190000, 0x000001823f400000, 0x00000182466d0000]
CodeHeap 'profiled nmethods': size=120000Kb used=152Kb max_used=152Kb free=119847Kb
 bounds [0x00000182376d0000, 0x0000018237940000, 0x000001823ec00000]
CodeHeap 'non-nmethods': size=5696Kb used=1393Kb max_used=1407Kb free=4302Kb
 bounds [0x000001823ec00000, 0x000001823ee70000, 0x000001823f190000]
CodeCache: size=245760Kb, used=1589Kb, max_used=1603Kb, free=244168Kb
 total_blobs=592, nmethods=168, adapters=328, full_count=0
Compilation: enabled, stopped_count=0, restarted_count=0

Compilation events (20 events):
Event: 0.474 Thread 0x000001825001b920 nmethod 160 0x00000182376f4288 code [0x00000182376f4380, 0x00000182376f4548]
Event: 0.474 Thread 0x000001825001b920  165       3       java.util.Arrays::copyOf (33 bytes)
Event: 0.474 Thread 0x000001825001b920 nmethod 165 0x00000182376f4588 code [0x00000182376f4680, 0x00000182376f4a68]
Event: 0.474 Thread 0x000001825001b920  164       3       java.lang.AbstractStringBuilder::newCapacity (49 bytes)
Event: 0.474 Thread 0x000001825001b920 nmethod 164 0x00000182376f4a88 code [0x00000182376f4b80, 0x00000182376f4f20]
Event: 0.474 Thread 0x000001825001b920  161       3       java.lang.StringBuilder::toString (20 bytes)
Event: 0.475 Thread 0x000001825001b920 nmethod 161 0x00000182376f4f88 code [0x00000182376f5080, 0x00000182376f5368]
Event: 0.475 Thread 0x000001825001b920  162       3       java.lang.String::<init> (98 bytes)
Event: 0.475 Thread 0x000001825001b920 nmethod 162 0x00000182376f5388 code [0x00000182376f5480, 0x00000182376f5b90]
Event: 0.475 Thread 0x000001825001b920  159       3       java.util.ArrayList$Itr::hasNext (20 bytes)
Event: 0.475 Thread 0x000001825001b920 nmethod 159 0x00000182376f5c08 code [0x00000182376f5d00, 0x00000182376f5e68]
Event: 0.475 Thread 0x000001825001b920  163       3       java.util.HashMap$HashIterator::hasNext (13 bytes)
Event: 0.475 Thread 0x000001825001b920 nmethod 163 0x00000182376f5f08 code [0x00000182376f6000, 0x00000182376f6158]
Event: 0.475 Thread 0x000001825001b920  166       1       java.security.Provider$Service::getType (5 bytes)
Event: 0.475 Thread 0x000001825001b920 nmethod 166 0x000001823f19a888 code [0x000001823f19a980, 0x000001823f19aa48]
Event: 0.475 Thread 0x000001825001b920  167       1       java.security.Provider$Service::getAlgorithm (5 bytes)
Event: 0.475 Thread 0x000001825001b920 nmethod 167 0x000001823f19ab88 code [0x000001823f19ac80, 0x000001823f19ad48]
Event: 0.475 Thread 0x000001825001b920  168       1       java.security.Provider$Service::getAliases (5 bytes)
Event: 0.475 Thread 0x000001825001b920 nmethod 168 0x000001823f19ae88 code [0x000001823f19af80, 0x000001823f19b048]
Event: 0.476 Thread 0x000001825001b920  169       3       java.lang.StringLatin1::toLowerCase (155 bytes)

GC Heap Usage History (0 events):
No events

Metaspace Usage History (0 events):
No events

Dll operation events (2 events):
Event: 0.025 Loaded shared library C:\Program Files\JetBrains\JetBrains Rider 2026.1.2\jbr\bin\java.dll
Event: 0.057 Loaded shared library C:\Program Files\JetBrains\JetBrains Rider 2026.1.2\jbr\bin\zip.dll

Deoptimization events (4 events):
Event: 0.417 Thread 0x0000018230f13e80 Uncommon trap: trap_request=0xffffff45 fr.pc=0x000001823f1953fc relative=0x000000000000027c
Event: 0.417 Thread 0x0000018230f13e80 Uncommon trap: reason=unstable_if action=reinterpret pc=0x000001823f1953fc method=java.lang.String.hashCode()I @ 13 c2
Event: 0.417 Thread 0x0000018230f13e80 DEOPT PACKING pc=0x000001823f1953fc sp=0x0000004f2cefbda0
Event: 0.417 Thread 0x0000018230f13e80 DEOPT UNPACKING pc=0x000001823ed2c082 sp=0x0000004f2cefbd38 mode 2

Classes loaded (20 events):
Event: 0.460 Loading class java/security/Provider$UString
Event: 0.460 Loading class java/security/Provider$UString done
Event: 0.460 Loading class sun/security/util/SecurityProviderConstants
Event: 0.461 Loading class sun/security/util/SecurityProviderConstants done
Event: 0.461 Loading class sun/security/util/KnownOIDs
Event: 0.462 Loading class sun/security/util/KnownOIDs done
Event: 0.467 Loading class java/util/Arrays$ArrayList
Event: 0.468 Loading class java/util/Arrays$ArrayList done
Event: 0.470 Loading class java/util/LinkedHashMap$LinkedKeySet
Event: 0.470 Loading class java/util/LinkedHashMap$LinkedKeySet done
Event: 0.471 Loading class java/util/LinkedHashMap$LinkedKeyIterator
Event: 0.471 Loading class java/util/LinkedHashMap$LinkedHashIterator
Event: 0.471 Loading class java/util/LinkedHashMap$LinkedHashIterator done
Event: 0.471 Loading class java/util/LinkedHashMap$LinkedKeyIterator done
Event: 0.471 Loading class java/util/ArrayList$Itr
Event: 0.471 Loading class java/util/ArrayList$Itr done
Event: 0.474 Loading class sun/security/rsa/SunRsaSign
Event: 0.475 Loading class sun/security/rsa/SunRsaSign done
Event: 0.475 Loading class sun/security/rsa/SunRsaSignEntries
Event: 0.475 Loading class sun/security/rsa/SunRsaSignEntries done

Classes unloaded (0 events):
No events

Classes redefined (0 events):
No events

Internal exceptions (0 events):
No events

VM Operations (4 events):
Event: 0.334 Executing non-safepoint VM operation: HandshakeAllThreads (Deoptimize)
Event: 0.335 Executing non-safepoint VM operation: HandshakeAllThreads (Deoptimize) done
Event: 0.428 Executing non-safepoint VM operation: HandshakeAllThreads (Deoptimize)
Event: 0.428 Executing non-safepoint VM operation: HandshakeAllThreads (Deoptimize) done

Memory protections (0 events):
No events

Nmethod flushes (0 events):
No events

Events (14 events):
Event: 0.054 Thread 0x0000018230f13e80 Thread added: 0x0000018230f13e80
Event: 0.174 Thread 0x0000018230f13e80 Thread added: 0x000001824b8a5880
Event: 0.190 Thread 0x0000018230f13e80 Thread added: 0x00000182500104a0
Event: 0.190 Thread 0x0000018230f13e80 Thread added: 0x0000018250011300
Event: 0.193 Thread 0x0000018230f13e80 Thread added: 0x00000182500205a0
Event: 0.193 Thread 0x0000018230f13e80 Thread added: 0x0000018250014690
Event: 0.194 Thread 0x0000018230f13e80 Thread added: 0x0000018250015250
Event: 0.194 Thread 0x0000018230f13e80 Thread added: 0x0000018250019e20
Event: 0.194 Thread 0x0000018230f13e80 Thread added: 0x000001825001ad10
Event: 0.194 Thread 0x0000018230f13e80 Thread added: 0x000001825001b920
Event: 0.263 Thread 0x0000018230f13e80 Thread added: 0x00000182501993a0
Event: 0.291 Loaded shared library C:\Program Files\JetBrains\JetBrains Rider 2026.1.2\jbr\bin\net.dll
Event: 0.297 Loaded shared library C:\Program Files\JetBrains\JetBrains Rider 2026.1.2\jbr\bin\nio.dll
Event: 0.326 Loaded shared library C:\Program Files\JetBrains\JetBrains Rider 2026.1.2\jbr\bin\zip.dll


Dynamic libraries:
0x00007ff632f60000 - 0x00007ff632f6a000 	C:\Program Files\JetBrains\JetBrains Rider 2026.1.2\jbr\bin\java.exe
0x00007ffc5cdc0000 - 0x00007ffc5d026000 	C:\WINDOWS\SYSTEM32\ntdll.dll
0x00007ffc5b3a0000 - 0x00007ffc5b469000 	C:\WINDOWS\System32\KERNEL32.DLL
0x00007ffc5a6a0000 - 0x00007ffc5aa9a000 	C:\WINDOWS\System32\KERNELBASE.dll
0x00007ffc5a1c0000 - 0x00007ffc5a30c000 	C:\WINDOWS\System32\ucrtbase.dll
0x00007ffc3cac0000 - 0x00007ffc3cade000 	C:\Program Files\JetBrains\JetBrains Rider 2026.1.2\jbr\bin\VCRUNTIME140.dll
0x00007ffbeda60000 - 0x00007ffbeda77000 	C:\Program Files\JetBrains\JetBrains Rider 2026.1.2\jbr\bin\jli.dll
0x00007ffc5bc30000 - 0x00007ffc5bdf7000 	C:\WINDOWS\System32\USER32.dll
0x00007ffc5a670000 - 0x00007ffc5a697000 	C:\WINDOWS\System32\win32u.dll
0x00007ffc59150000 - 0x00007ffc593e2000 	C:\WINDOWS\WinSxS\amd64_microsoft.windows.common-controls_6595b64144ccf1df_6.0.26100.8521_none_3e08b75ce33403b3\COMCTL32.dll
0x00007ffc5b470000 - 0x00007ffc5b49b000 	C:\WINDOWS\System32\GDI32.dll
0x00007ffc5ab30000 - 0x00007ffc5abd9000 	C:\WINDOWS\System32\msvcrt.dll
0x00007ffc5a310000 - 0x00007ffc5a43b000 	C:\WINDOWS\System32\gdi32full.dll
0x00007ffc5a050000 - 0x00007ffc5a0f3000 	C:\WINDOWS\System32\msvcp_win.dll
0x00007ffc5b070000 - 0x00007ffc5b0a2000 	C:\WINDOWS\System32\IMM32.DLL
0x00007ffc52a80000 - 0x00007ffc52a8c000 	C:\Program Files\JetBrains\JetBrains Rider 2026.1.2\jbr\bin\vcruntime140_1.dll
0x00007ffc36e80000 - 0x00007ffc36f09000 	C:\Program Files\JetBrains\JetBrains Rider 2026.1.2\jbr\bin\msvcp140.dll
0x00007ffbbd6b0000 - 0x00007ffbbe602000 	C:\Program Files\JetBrains\JetBrains Rider 2026.1.2\jbr\bin\server\jvm.dll
0x00007ffc5c240000 - 0x00007ffc5c2f6000 	C:\WINDOWS\System32\ADVAPI32.dll
0x00007ffc5bfc0000 - 0x00007ffc5c06a000 	C:\WINDOWS\System32\sechost.dll
0x00007ffc5b0b0000 - 0x00007ffc5b1c8000 	C:\WINDOWS\System32\RPCRT4.dll
0x00007ffc5be00000 - 0x00007ffc5be80000 	C:\WINDOWS\System32\WS2_32.dll
0x00007ffc4c250000 - 0x00007ffc4c25b000 	C:\WINDOWS\SYSTEM32\VERSION.dll
0x00007ffc3c2c0000 - 0x00007ffc3c2f6000 	C:\WINDOWS\SYSTEM32\WINMM.dll
0x00007ffc59ed0000 - 0x00007ffc59f2e000 	C:\WINDOWS\SYSTEM32\POWRPROF.dll
0x00007ffc59eb0000 - 0x00007ffc59ec4000 	C:\WINDOWS\SYSTEM32\UMPDC.dll
0x00007ffc584b0000 - 0x00007ffc584cb000 	C:\WINDOWS\SYSTEM32\kernel.appcore.dll
0x00007ffc52870000 - 0x00007ffc5287a000 	C:\Program Files\JetBrains\JetBrains Rider 2026.1.2\jbr\bin\jimage.dll
0x00007ffc59730000 - 0x00007ffc59972000 	C:\WINDOWS\SYSTEM32\DBGHELP.DLL
0x00007ffc5c800000 - 0x00007ffc5cb83000 	C:\WINDOWS\System32\combase.dll
0x00007ffc5c160000 - 0x00007ffc5c239000 	C:\WINDOWS\System32\OLEAUT32.dll
0x00007ffc59530000 - 0x00007ffc5956b000 	C:\WINDOWS\SYSTEM32\dbgcore.DLL
0x00007ffc5a5c0000 - 0x00007ffc5a668000 	C:\WINDOWS\System32\bcryptPrimitives.dll
0x00007ffc374a0000 - 0x00007ffc374bf000 	C:\Program Files\JetBrains\JetBrains Rider 2026.1.2\jbr\bin\java.dll
0x00007ffc5c300000 - 0x00007ffc5c498000 	C:\WINDOWS\System32\ole32.dll
0x00007ffc5b4a0000 - 0x00007ffc5bc24000 	C:\WINDOWS\System32\SHELL32.dll
0x00007ffc37420000 - 0x00007ffc37437000 	C:\Program Files\JetBrains\JetBrains Rider 2026.1.2\jbr\bin\zip.dll
0x00007ffc571e0000 - 0x00007ffc57a60000 	C:\WINDOWS\SYSTEM32\windows.storage.dll
0x00007ffc5c6d0000 - 0x00007ffc5c7c6000 	C:\WINDOWS\System32\SHCORE.dll
0x00007ffc5c660000 - 0x00007ffc5c6c7000 	C:\WINDOWS\System32\shlwapi.dll
0x00007ffc59f40000 - 0x00007ffc59f69000 	C:\WINDOWS\SYSTEM32\profapi.dll
0x00007ffc36fe0000 - 0x00007ffc36ff2000 	C:\Program Files\JetBrains\JetBrains Rider 2026.1.2\jbr\bin\net.dll
0x00007ffc58a50000 - 0x00007ffc58abc000 	C:\WINDOWS\system32\mswsock.dll
0x00007ffc36f10000 - 0x00007ffc36f26000 	C:\Program Files\JetBrains\JetBrains Rider 2026.1.2\jbr\bin\nio.dll

JVMTI agents: none

dbghelp: loaded successfully - version: 4.0.5 - missing functions: none
symbol engine: initialized successfully - sym options: 0x614 - pdb path: .;C:\Program Files\JetBrains\JetBrains Rider 2026.1.2\jbr\bin;C:\WINDOWS\SYSTEM32;C:\WINDOWS\WinSxS\amd64_microsoft.windows.common-controls_6595b64144ccf1df_6.0.26100.8521_none_3e08b75ce33403b3;C:\Program Files\JetBrains\JetBrains Rider 2026.1.2\jbr\bin\server

VM Arguments:
java_command: git4idea.http.GitAskPassApp Username for 'https://github.com': 
java_class_path (initial): C:/Program Files/JetBrains/JetBrains Rider 2026.1.2/plugins/vcs-git/lib/git4idea-rt.jar;C:/Program Files/JetBrains/JetBrains Rider 2026.1.2/lib/externalProcess-rt.jar
Launcher Type: SUN_STANDARD

[Global flags]
     intx CICompilerCount                          = 4                                         {product} {ergonomic}
     uint ConcGCThreads                            = 2                                         {product} {ergonomic}
     uint G1ConcRefinementThreads                  = 8                                         {product} {ergonomic}
   size_t G1HeapRegionSize                         = 1048576                                   {product} {ergonomic}
   size_t InitialHeapSize                          = 130023424                                 {product} {ergonomic}
   size_t MarkStackSize                            = 4194304                                   {product} {ergonomic}
   size_t MarkStackSizeMax                         = 536870912                                 {product} {ergonomic}
   size_t MaxHeapSize                              = 2067791872                                {product} {ergonomic}
   size_t MaxNewSize                               = 1240465408                                {product} {ergonomic}
   size_t MinHeapDeltaBytes                        = 1048576                                   {product} {ergonomic}
   size_t MinHeapSize                              = 8388608                                   {product} {ergonomic}
    uintx NonNMethodCodeHeapSize                   = 5832704                                {pd product} {ergonomic}
    uintx NonProfiledCodeHeapSize                  = 122945536                              {pd product} {ergonomic}
    uintx ProfiledCodeHeapSize                     = 122880000                              {pd product} {ergonomic}
    uintx ReservedCodeCacheSize                    = 251658240                              {pd product} {ergonomic}
     bool SegmentedCodeCache                       = true                                      {product} {ergonomic}
   size_t SoftMaxHeapSize                          = 2067791872                             {manageable} {ergonomic}
     bool UseCompressedOops                        = true                           {product lp64_product} {ergonomic}
     bool UseG1GC                                  = true                                      {product} {ergonomic}
     bool UseLargePagesIndividualAllocation        = false                                  {pd product} {ergonomic}

Logging:
Log output configuration:
 #0: stdout all=warning uptime,level,tags foldmultilines=false
 #1: stderr all=off uptime,level,tags foldmultilines=false

Release file:
JAVA_VERSION="25.0.2" 
MODULES="java.base java.datatransfer java.xml java.prefs java.desktop gluegen.rt java.compiler java.instrument java.logging java.management java.security.sasl java.naming java.rmi java.management.rmi java.net.http java.scripting java.security.jgss java.transaction.xa java.sql java.sql.rowset java.xml.crypto java.se java.smartcardio jogl.all jcef jdk.accessibility jdk.internal.jvmstat jdk.attach jdk.charsets jdk.internal.opt jdk.zipfs jdk.compiler jdk.crypto.cryptoki jdk.crypto.ec jdk.crypto.mscapi jdk.dynalink jdk.hotspot.agent jdk.httpserver jdk.internal.ed jdk.internal.le jdk.internal.md jdk.internal.vm.ci jdk.javadoc jdk.jcmd jdk.jdwp.agent jdk.jdi jdk.jfr jdk.localedata jdk.management jdk.management.agent jdk.management.jfr jdk.naming.dns jdk.naming.rmi jdk.net jdk.sctp jdk.security.auth jdk.security.jgss jdk.unsupported jdk.unsupported.desktop jdk.xml.dom" 
IMPLEMENTOR="JetBrains s.r.o." 
IMPLEMENTOR_VERSION="JBR-25.0.2+1-329.117-jcef" 
JAVA_RUNTIME_VERSION="25.0.2+1-b329.117" 
LIBC="default" 
OS_ARCH="x86_64" 
OS_NAME="Windows" 
SOURCE=".:git:b692a8ec6ff7+ jcef_git:git:4a605f44671a" 
JCEF_VERSION="137.0.17.1142+g68de80b" 
JCEF_COMMIT_HASH="68de80bc86de497c8d0632ad0f8fe33625b33bff" 
JCEF_VERSION_DETAILED=137.0.17-gf354b0e-chromium-137.0.7151.104-api-1.21-261-b81

Environment Variables:
PATH=C:/Program Files/Git/mingw64/libexec/git-core;C:/Program Files/Git/mingw64/libexec/git-core;C:\Program Files\Git\mingw64\bin;C:\Program Files\Git\usr\bin;C:\Users\grass\bin;C:\Program Files (x86)\Common Files\Oracle\Java\java8path;C:\Program Files (x86)\Common Files\Oracle\Java\javapath;C:\WINDOWS\system32;C:\WINDOWS;C:\WINDOWS\System32\Wbem;C:\WINDOWS\System32\WindowsPowerShell\v1.0\;C:\WINDOWS\System32\OpenSSH\;C:\Program Files\dotnet\;C:\WINDOWS\system32;C:\WINDOWS;C:\WINDOWS\System32\Wbem;C:\WINDOWS\System32\WindowsPowerShell\v1.0\;C:\WINDOWS\System32\OpenSSH\;C:\Program Files\Git\cmd;C:\Users\grass\AppData\Local\Microsoft\WindowsApps;C:\Users\grass\AppData\Local\Programs\Microsoft VS Code\bin;C:\Users\grass\.dotnet\tools
USERNAME=grass
DISPLAY=:0.0
LC_ALL=en_US.UTF-8
TERM=xterm-256color
TMPDIR=C:\Users\grass\AppData\Local\Temp
OS=Windows_NT
PROCESSOR_IDENTIFIER=Intel64 Family 6 Model 126 Stepping 5, GenuineIntel
TMP=C:\Users\grass\AppData\Local\Temp
TEMP=C:\Users\grass\AppData\Local\Temp




Compilation memory statistics disabled.

Periodic native trim disabled

JNI global refs:
JNI global refs: 8, weak refs: 0

JNI global refs memory usage: 835, weak refs: 201

Process memory usage:
Resident Set Size: 42032K (0% of 8069848K total physical memory with 531928K free physical memory)

OOME stack traces (most recent first):
Classloader memory used:
Loader bootstrap                                                                       : 7949 K
Loader jdk.internal.loader.ClassLoaders$AppClassLoader                                 : 27328 B

---------------  S Y S T E M  ---------------

OS:
 Windows 11 , 64 bit Build 26100 (10.0.26100.8521)
OS uptime: 10 days 17:46 hours

CPU: total 8 (initial active 8) (4 cores per cpu, 2 threads per core) family 6 model 126 stepping 5 microcode 0x96, cx8, cmov, fxsr, ht, mmx, 3dnowpref, sse, sse2, sse3, ssse3, sse4.1, sse4.2, popcnt, lzcnt, tsc, tscinvbit, avx, avx2, aes, erms, clmul, bmi1, bmi2, adx, avx512f, avx512dq, avx512cd, avx512bw, avx512vl, sha, fma, vzeroupper, avx512_vpopcntdq, avx512_vpclmulqdq, avx512_vaes, avx512_vnni, clflush, clflushopt, avx512_vbmi2, avx512_vbmi, rdtscp, rdpid, fsrm, gfni, avx512_bitalg, f16c, pku, avx512_ifma
Processor Information for the first 8 processors :
  Max Mhz: 1201, Current Mhz: 1201, Mhz Limit: 1201

Memory: 4k page, system-wide physical 7880M (519M free)
TotalPageFile size 21627M (AvailPageFile size 3M)
current process WorkingSet (physical memory assigned to process): 41M, peak: 41M
current process commit charge ("private bytes"): 201M, peak: 216M

vm_info: OpenJDK 64-Bit Server VM (25.0.2+1-b329.117) for windows-amd64 JRE (25.0.2+1-b329.117), built on 2026-04-20 with MS VC++ 17.14 (VS2022)

END.
